<?xml version="1.0" encoding="UTF-8"?>
<testsuite xmlns:xsi="http://www.w3.org/2001/XMLSchema-instance" xsi:noNamespaceSchemaLocation="https://maven.apache.org/surefire/maven-surefire-plugin/xsd/surefire-test-report-3.0.xsd" version="3.0" name="co.edu.sena.tu_unidad.TuUnidadApplicationTests" time="15.943" tests="1" errors="0" skipped="0" failures="0">
  <properties>
[...]
</properties>
  <testcase name="contextLoads" classname="co.edu.sena.tu_unidad.TuUnidadApplicationTests" time="0.79">
    <system-out><![CDATA[09:28:56.464 [main] INFO org.springframework.test.context.support.AnnotationConfigContextLoaderUtils -- Could not detect default configuration classes for test class [co.edu.sena.tu_unidad.TuUnidadApplicationTests]: TuUnidadApplicationTests does not declare any static, non-private, non-final, nested classes annotated with @Configuration.
09:28:56.698 [main] INFO org.springframework.boot.test.context.SpringBootTestContextBootstrapper -- Found @SpringBootConfiguration co.edu.sena.tu_unidad.TuUnidadApplication for test class co.edu.sena.tu_unidad.TuUnidadApplicationTests
09:28:57.053 [main] INFO org.springframework.boot.devtools.restart.RestartApplicationListener -- Restart disabled due to context in which it is running

  .   ____          _            __ _ _
 /\\ / ___'_ __ _ _(_)_ __  __ _ \ \ \ \
( ( )\___ | '_ | '_| | '_ \/ _` | \ \ \ \
 \\/  ___)| |_)| | | | | || (_| |  ) ) ) )
  '  |____| .__|_| |_|_| |_\__, | / / / /
 =========|_|==============|___/=/_/_/_/

 :: Spring Boot ::                (v3.3.5)

2025-12-10T09:28:57.767-05:00  INFO 26220 --- [tu-unidad] [           main] c.e.s.t.TuUnidadApplicationTests         : Starting TuUnidadApplicationTests using Java 21.0.7 with PID 26220 (started by LENOVO in C:\Users\LENOVO\Desktop\Webpage\irrigex\back2)
2025-12-10T09:28:57.771-05:00  INFO 26220 --- [tu-unidad] [           main] c.e.s.t.TuUnidadApplicationTests         : No active profile set, falling back to 1 default profile: "default"
2025-12-10T09:28:59.657-05:00  INFO 26220 --- [tu-unidad] [           main] .s.d.r.c.RepositoryConfigurationDelegate : Bootstrapping Spring Data JPA repositories in DEFAULT mode.
2025-12-10T09:28:59.913-05:00  INFO 26220 --- [tu-unidad] [           main] .s.d.r.c.RepositoryConfigurationDelegate : Finished Spring Data repository scanning in 236 ms. Found 11 JPA repository interfaces.
2025-12-10T09:29:00.777-05:00  WARN 26220 --- [tu-unidad] [           main] trationDelegate$BeanPostProcessorChecker : Bean 'org.springframework.ws.config.annotation.DelegatingWsConfiguration' of type [org.springframework.ws.config.annotation.DelegatingWsConfiguration$$SpringCGLIB$$0] is not eligible for getting processed by all BeanPostProcessors (for example: not eligible for auto-proxying). The currently created BeanPostProcessor [annotationActionEndpointMapping] is declared through a non-static factory method on that class; consider declaring it as static instead.
2025-12-10T09:29:00.847-05:00  INFO 26220 --- [tu-unidad] [           main] .w.s.a.s.AnnotationActionEndpointMapping : Supporting [WS-Addressing August 2004, WS-Addressing 1.0]
2025-12-10T09:29:01.394-05:00  INFO 26220 --- [tu-unidad] [           main] o.hibernate.jpa.internal.util.LogHelper  : HHH000204: Processing PersistenceUnitInfo [name: default]
2025-12-10T09:29:01.590-05:00  INFO 26220 --- [tu-unidad] [           main] org.hibernate.Version                    : HHH000412: Hibernate ORM core version 6.5.3.Final
2025-12-10T09:29:01.676-05:00  INFO 26220 --- [tu-unidad] [           main] o.h.c.internal.RegionFactoryInitiator    : HHH000026: Second-level cache disabled
2025-12-10T09:29:02.461-05:00  INFO 26220 --- [tu-unidad] [           main] o.s.o.j.p.SpringPersistenceUnitInfo      : No LoadTimeWeaver setup: ignoring JPA class transformer
2025-12-10T09:29:02.562-05:00  INFO 26220 --- [tu-unidad] [           main] com.zaxxer.hikari.HikariDataSource       : HikariPool-1 - Starting...
2025-12-10T09:29:04.492-05:00  INFO 26220 --- [tu-unidad] [           main] com.zaxxer.hikari.pool.HikariPool        : HikariPool-1 - Added connection org.postgresql.jdbc.PgConnection@54234569
2025-12-10T09:29:04.495-05:00  INFO 26220 --- [tu-unidad] [           main] com.zaxxer.hikari.HikariDataSource       : HikariPool-1 - Start completed.
2025-12-10T09:29:04.700-05:00  WARN 26220 --- [tu-unidad] [           main] org.hibernate.orm.deprecation            : HHH90000025: PostgreSQLDialect does not need to be specified explicitly using 'hibernate.dialect' (remove the property setting and it will be selected by default)
2025-12-10T09:29:07.078-05:00  INFO 26220 --- [tu-unidad] [           main] o.h.e.t.j.p.i.JtaPlatformInitiator       : HHH000489: No JTA platform available (set 'hibernate.transaction.jta.platform' to enable JTA platform integration)
2025-12-10T09:29:07.085-05:00  INFO 26220 --- [tu-unidad] [           main] j.LocalContainerEntityManagerFactoryBean : Initialized JPA EntityManagerFactory for persistence unit 'default'
2025-12-10T09:29:08.614-05:00  WARN 26220 --- [tu-unidad] [           main] JpaBaseConfiguration$JpaWebConfiguration : spring.jpa.open-in-view is enabled by default. Therefore, database queries may be performed during view rendering. Explicitly configure spring.jpa.open-in-view to disable this warning
2025-12-10T09:29:10.545-05:00  INFO 26220 --- [tu-unidad] [           main] c.e.s.t.TuUnidadApplicationTests         : Started TuUnidadApplicationTests in 13.524 seconds (process running for 16.4)
🚀 INICIALIZANDO CONTADORES DE SOLICITUDES...
Hibernate: select sre1_0.id,sre1_0.assigned_at,sre1_0.assigned_technician_id,sre1_0.closed_at,sre1_0.company_number,sre1_0.company_serial,sre1_0.created_at,sre1_0.created_by_user_id,sre1_0.customer_id,sre1_0.description,sre1_0.is_repeated,sre1_0.machine_id,sre1_0.repeated_of_request_id,sre1_0.reported_at,sre1_0.reported_channel,sre1_0.request_number,sre1_0.resolution,sre1_0.root_cause,sre1_0.service_type,sre1_0.status from service_requests sre1_0 where sre1_0.reported_at between ? and ?
Solicitudes encontradas hoy: 0
✅ CONTADORES INICIALIZADOS CORRECTAMENTE
]]></system-out>
    <system-err><![CDATA[WARNING: A Java agent has been loaded dynamically (C:\Users\LENOVO\.m2\repository\net\bytebuddy\byte-buddy-agent\1.14.19\byte-buddy-agent-1.14.19.jar)
WARNING: If a serviceability tool is in use, please run with -XX:+EnableDynamicAgentLoading to hide this warning
WARNING: If a serviceability tool is not in use, please run with -Djdk.instrument.traceUsage for more information
WARNING: Dynamic loading of agents will be disallowed by default in a future release
]]></system-err>
  </testcase>
</testsuite>